This is pdfTeX, Version 3.1415926-1.40.10 (TeX Live 2009/Debian) (format=pdflatex 2011.4.24)  18 AUG 2012 11:20
entering extended mode
 %&-line parsing enabled.
**guide2.tex
(./guide2.tex
LaTeX2e <2009/09/24>
Babel <v3.8l> and hyphenation patterns for english, usenglishmax, dumylang, noh
yphenation, loaded.
(/usr/share/texmf-texlive/tex/latex/base/article.cls
Document Class: article 2007/10/19 v1.4h Standard LaTeX document class
(/usr/share/texmf-texlive/tex/latex/base/size10.clo
File: size10.clo 2007/10/19 v1.4h Standard LaTeX file (size option)
)
\c@part=\count79
\c@section=\count80
\c@subsection=\count81
\c@subsubsection=\count82
\c@paragraph=\count83
\c@subparagraph=\count84
\c@figure=\count85
\c@table=\count86
\abovecaptionskip=\skip41
\belowcaptionskip=\skip42
\bibindent=\dimen102
)
(/usr/share/texmf-texlive/tex/latex/listings/listings.sty
(/usr/share/texmf-texlive/tex/latex/graphics/keyval.sty
Package: keyval 1999/03/16 v1.13 key=value parser (DPC)
\KV@toks@=\toks14
)
\lst@mode=\count87
\lst@gtempboxa=\box26
\lst@token=\toks15
\lst@length=\count88
\lst@currlwidth=\dimen103
\lst@column=\count89
\lst@pos=\count90
\lst@lostspace=\dimen104
\lst@width=\dimen105
\lst@newlines=\count91
\lst@lineno=\count92
\lst@maxwidth=\dimen106

(/usr/share/texmf-texlive/tex/latex/listings/lstmisc.sty
File: lstmisc.sty 2007/02/22 1.4 (Carsten Heinz)
\c@lstnumber=\count93
\lst@skipnumbers=\count94
\lst@framebox=\box27
)
(/usr/share/texmf-texlive/tex/latex/listings/listings.cfg
File: listings.cfg 2007/02/22 1.4 listings configuration
))
Package: listings 2007/02/22 1.4 (Carsten Heinz)

(/usr/share/texmf-texlive/tex/latex/graphics/color.sty
Package: color 2005/11/14 v1.0j Standard LaTeX Color (DPC)

(/etc/texmf/tex/latex/config/color.cfg
File: color.cfg 2007/01/18 v1.5 color configuration of teTeX/TeXLive
)
Package color Info: Driver file: pdftex.def on input line 130.

(/usr/share/texmf-texlive/tex/latex/pdftex-def/pdftex.def
File: pdftex.def 2009/08/25 v0.04m Graphics/color for pdfTeX
\Gread@gobject=\count95
))
(/usr/share/texmf-texlive/tex/latex/graphics/graphicx.sty
Package: graphicx 1999/02/16 v1.0f Enhanced LaTeX Graphics (DPC,SPQR)

(/usr/share/texmf-texlive/tex/latex/graphics/graphics.sty
Package: graphics 2009/02/05 v1.0o Standard LaTeX Graphics (DPC,SPQR)

(/usr/share/texmf-texlive/tex/latex/graphics/trig.sty
Package: trig 1999/03/16 v1.09 sin cos tan (DPC)
)
(/etc/texmf/tex/latex/config/graphics.cfg
File: graphics.cfg 2009/08/28 v1.8 graphics configuration of TeX Live
)
Package graphics Info: Driver file: pdftex.def on input line 91.
)
\Gin@req@height=\dimen107
\Gin@req@width=\dimen108
)
(/usr/share/texmf-texlive/tex/latex/base/textcomp.sty
Package: textcomp 2005/09/27 v1.99g Standard LaTeX package
Package textcomp Info: Sub-encoding information:
(textcomp)               5 = only ISO-Adobe without \textcurrency
(textcomp)               4 = 5 + \texteuro
(textcomp)               3 = 4 + \textohm
(textcomp)               2 = 3 + \textestimated + \textcurrency
(textcomp)               1 = TS1 - \textcircled - \t
(textcomp)               0 = TS1 (full)
(textcomp)             Font families with sub-encoding setting implement
(textcomp)             only a restricted character set as indicated.
(textcomp)             Family '?' is the default used for unknown fonts.
(textcomp)             See the documentation for details.
Package textcomp Info: Setting ? sub-encoding to TS1/1 on input line 71.

(/usr/share/texmf-texlive/tex/latex/base/ts1enc.def
File: ts1enc.def 2001/06/05 v3.0e (jk/car/fm) Standard LaTeX file
)
LaTeX Info: Redefining \oldstylenums on input line 266.
Package textcomp Info: Setting cmr sub-encoding to TS1/0 on input line 281.
Package textcomp Info: Setting cmss sub-encoding to TS1/0 on input line 282.
Package textcomp Info: Setting cmtt sub-encoding to TS1/0 on input line 283.
Package textcomp Info: Setting cmvtt sub-encoding to TS1/0 on input line 284.
Package textcomp Info: Setting cmbr sub-encoding to TS1/0 on input line 285.
Package textcomp Info: Setting cmtl sub-encoding to TS1/0 on input line 286.
Package textcomp Info: Setting ccr sub-encoding to TS1/0 on input line 287.
Package textcomp Info: Setting ptm sub-encoding to TS1/4 on input line 288.
Package textcomp Info: Setting pcr sub-encoding to TS1/4 on input line 289.
Package textcomp Info: Setting phv sub-encoding to TS1/4 on input line 290.
Package textcomp Info: Setting ppl sub-encoding to TS1/3 on input line 291.
Package textcomp Info: Setting pag sub-encoding to TS1/4 on input line 292.
Package textcomp Info: Setting pbk sub-encoding to TS1/4 on input line 293.
Package textcomp Info: Setting pnc sub-encoding to TS1/4 on input line 294.
Package textcomp Info: Setting pzc sub-encoding to TS1/4 on input line 295.
Package textcomp Info: Setting bch sub-encoding to TS1/4 on input line 296.
Package textcomp Info: Setting put sub-encoding to TS1/5 on input line 297.
Package textcomp Info: Setting uag sub-encoding to TS1/5 on input line 298.
Package textcomp Info: Setting ugq sub-encoding to TS1/5 on input line 299.
Package textcomp Info: Setting ul8 sub-encoding to TS1/4 on input line 300.
Package textcomp Info: Setting ul9 sub-encoding to TS1/4 on input line 301.
Package textcomp Info: Setting augie sub-encoding to TS1/5 on input line 302.
Package textcomp Info: Setting dayrom sub-encoding to TS1/3 on input line 303.
Package textcomp Info: Setting dayroms sub-encoding to TS1/3 on input line 304.

Package textcomp Info: Setting pxr sub-encoding to TS1/0 on input line 305.
Package textcomp Info: Setting pxss sub-encoding to TS1/0 on input line 306.
Package textcomp Info: Setting pxtt sub-encoding to TS1/0 on input line 307.
Package textcomp Info: Setting txr sub-encoding to TS1/0 on input line 308.
Package textcomp Info: Setting txss sub-encoding to TS1/0 on input line 309.
Package textcomp Info: Setting txtt sub-encoding to TS1/0 on input line 310.
Package textcomp Info: Setting futs sub-encoding to TS1/4 on input line 311.
Package textcomp Info: Setting futx sub-encoding to TS1/4 on input line 312.
Package textcomp Info: Setting futj sub-encoding to TS1/4 on input line 313.
Package textcomp Info: Setting hlh sub-encoding to TS1/3 on input line 314.
Package textcomp Info: Setting hls sub-encoding to TS1/3 on input line 315.
Package textcomp Info: Setting hlst sub-encoding to TS1/3 on input line 316.
Package textcomp Info: Setting hlct sub-encoding to TS1/5 on input line 317.
Package textcomp Info: Setting hlx sub-encoding to TS1/5 on input line 318.
Package textcomp Info: Setting hlce sub-encoding to TS1/5 on input line 319.
Package textcomp Info: Setting hlcn sub-encoding to TS1/5 on input line 320.
Package textcomp Info: Setting hlcw sub-encoding to TS1/5 on input line 321.
Package textcomp Info: Setting hlcf sub-encoding to TS1/5 on input line 322.
Package textcomp Info: Setting pplx sub-encoding to TS1/3 on input line 323.
Package textcomp Info: Setting pplj sub-encoding to TS1/3 on input line 324.
Package textcomp Info: Setting ptmx sub-encoding to TS1/4 on input line 325.
Package textcomp Info: Setting ptmj sub-encoding to TS1/4 on input line 326.
)
(/usr/share/texmf-texlive/tex/latex/listings/lstlang1.sty
File: lstlang1.sty 2004/09/05 1.3 listings language file
)
\contentbox=\box28
\bkgdbox=\box29
 (./guide2.aux
(./introduction/chapter.aux) (./basics/chapter.aux) (./layouts/chapter.aux)
(./actions/chapter.aux) (./titles/chapter.aux) (./themes/chapter.aux)
(./stations/chapter.aux) (./dragNdrop/chapter.aux) (./preferences/chapter.aux)
(./extensions/chapter.aux) (./properties/chapter.aux))
\openout1 = `guide2.aux'.

LaTeX Font Info:    Checking defaults for OML/cmm/m/it on input line 80.
LaTeX Font Info:    ... okay on input line 80.
LaTeX Font Info:    Checking defaults for T1/cmr/m/n on input line 80.
LaTeX Font Info:    ... okay on input line 80.
LaTeX Font Info:    Checking defaults for OT1/cmr/m/n on input line 80.
LaTeX Font Info:    ... okay on input line 80.
LaTeX Font Info:    Checking defaults for OMS/cmsy/m/n on input line 80.
LaTeX Font Info:    ... okay on input line 80.
LaTeX Font Info:    Checking defaults for OMX/cmex/m/n on input line 80.
LaTeX Font Info:    ... okay on input line 80.
LaTeX Font Info:    Checking defaults for U/cmr/m/n on input line 80.
LaTeX Font Info:    ... okay on input line 80.
LaTeX Font Info:    Checking defaults for TS1/cmr/m/n on input line 80.
LaTeX Font Info:    Try loading font information for TS1+cmr on input line 80.

(/usr/share/texmf-texlive/tex/latex/base/ts1cmr.fd
File: ts1cmr.fd 1999/05/25 v2.5h Standard LaTeX font definitions
)
LaTeX Font Info:    ... okay on input line 80.
\c@lstlisting=\count96

(/usr/share/texmf/tex/context/base/supp-pdf.mkii
[Loading MPS to PDF converter (version 2006.09.02).]
\scratchcounter=\count97
\scratchdimen=\dimen109
\scratchbox=\box30
\nofMPsegments=\count98
\nofMParguments=\count99
\everyMPshowfont=\toks16
\MPscratchCnt=\count100
\MPscratchDim=\dimen110
\MPnumerator=\count101
\everyMPtoPDFconversion=\toks17
)
LaTeX Font Info:    External font `cmex10' loaded for size
(Font)              <12> on input line 82.
LaTeX Font Info:    External font `cmex10' loaded for size
(Font)              <8> on input line 82.
LaTeX Font Info:    External font `cmex10' loaded for size
(Font)              <6> on input line 82.
 [1

{/var/lib/texmf/fonts/map/pdftex/updmap/pdftex.map}] (./guide2.toc
LaTeX Font Info:    External font `cmex10' loaded for size
(Font)              <7> on input line 2.
LaTeX Font Info:    External font `cmex10' loaded for size
(Font)              <5> on input line 2.
 [2]
[3])
\tf@toc=\write3
\openout3 = `guide2.toc'.

 [4]
\openout2 = `introduction/chapter.aux'.

 (./introduction/chapter.tex <info.png, id=19, 102.784pt x 102.784pt>
File: info.png Graphic file (type png)

<use info.png>
Underfull \hbox (badness 1939) in paragraph at lines 21--21
[]\OT1/cmr/m/n/10 Clients should make use of the \OT1/cmtt/m/n/10 Common \OT1/c
mr/m/n/10 project. In or-
 []


Underfull \hbox (badness 2229) in paragraph at lines 21--21
\OT1/cmr/m/n/10 der to do so the li-braries \OT1/cmtt/m/n/10 docking-frames-cor
e.jar \OT1/cmr/m/n/10 and
 []

[5



pdfTeX warning: /usr/bin/pdflatex: pop empty color page stack 0


pdfTeX warning: /usr/bin/pdflatex: pop empty color page stack 0
 <./info.png>]
File: info.png Graphic file (type png)
 <use info.png> <stop.png, id=28, 102.784pt x 102.784pt>
File: stop.png Graphic file (type png)

<use stop.png> [6] <class.png, id=32, 102.784pt x 102.784pt>
File: class.png Graphic file (type png)
 <use class.png>
<design.png, id=33, 102.784pt x 102.784pt>
File: design.png Graphic file (type png)
 <use design.png>
<code.png, id=34, 102.784pt x 102.784pt>
File: code.png Graphic file (type png)
 <use code.png> [7 <./stop.png> <./class.png> <./design.png> <./code.png>]
File: info.png Graphic file (type png)
 <use info.png>) [8]
\openout2 = `basics/chapter.aux'.

 (./basics/chapter.tex
File: class.png Graphic file (type png)

<use class.png>
LaTeX Font Info:    Try loading font information for OMS+cmr on input line 16.
 (/usr/share/texmf-texlive/tex/latex/base/omscmr.fd
File: omscmr.fd 1999/05/25 v2.5h Standard LaTeX font definitions
)
LaTeX Font Info:    Font shape `OMS/cmr/m/n' in size <7> not available
(Font)              Font shape `OMS/cmsy/m/n' tried instead on input line 16.

<basics/HelloWorld.png, id=46, 332.27586pt x 159.34229pt>
File: basics/HelloWorld.png Graphic file (type png)

<use basics/HelloWorld.png> [9


 <./basics/HelloWorld.png>]
File: info.png Graphic file (type png)
 <use info.png>
File: code.png Graphic file (type png)

<use code.png>
File: stop.png Graphic file (type png)
 <use stop.png>
File: design.png Graphic file (type png)
 <use design.png> [10]
File: stop.png Graphic file (type png)
 <use stop.png>
<basics/StackDockStation.png, id=57, 338.92139pt x 185.46397pt>
File: basics/StackDockStation.png Graphic file (type png)

<use basics/StackDockStation.png> [11]
File: class.png Graphic file (type png)
 <use class.png>
<basics/stack.png, id=61, 287.474pt x 154.979pt>
File: basics/stack.png Graphic file (type png)
 <use basics/stack.png>
<basics/SplitDockStation.png, id=62, 288.24931pt x 242.93169pt>
File: basics/SplitDockStation.png Graphic file (type png)

<use basics/SplitDockStation.png>

LaTeX Warning: `!h' float specifier changed to `!ht'.

File: class.png Graphic file (type png)
<use class.png>
Underfull \hbox (badness 2772) in paragraph at lines 126--126
[]\OT1/cmr/m/n/10 Like the \OT1/cmtt/m/n/10 StackDockStation\OT1/cmr/m/n/10 , t
his sta-tion con-sists of four
 []


Underfull \hbox (badness 4193) in paragraph at lines 126--126
\OT1/cmr/m/n/10 lay-ers. Lay-ers 1, 3 and 4 are iden-ti-cal to the lay-
 []


Underfull \hbox (badness 2181) in paragraph at lines 126--126
\OT1/cmr/m/n/10 ers of the \OT1/cmtt/m/n/10 StackDockStation\OT1/cmr/m/n/10 . A
 back-ground panel (1),
 []

<basics/split.png, id=63, 395.879pt x 220.825pt>
File: basics/split.png Graphic file (type png)
 <use basics/split.png>
[12 <./basics/StackDockStation.png> <./basics/stack.png>]
<basics/FlapDockStation.png, id=69, 288.24931pt x 242.93169pt>
File: basics/FlapDockStation.png Graphic file (type png)

<use basics/FlapDockStation.png>

LaTeX Warning: `!h' float specifier changed to `!ht'.

File: class.png Graphic file (type png)
<use class.png> <basics/flap.png, id=70, 404.712pt x 248.127pt>
File: basics/flap.png Graphic file (type png)

<use basics/flap.png> [13 <./basics/SplitDockStation.png> <./basics/split.png>]
<basics/ScreenDockStation.png, id=77, 327.29172pt x 292.5629pt>
File: basics/ScreenDockStation.png Graphic file (type png)

<use basics/ScreenDockStation.png>

LaTeX Warning: `!h' float specifier changed to `!ht'.

File: class.png Graphic file (type png)
<use class.png> <basics/screen.png, id=78, 281.853pt x 246.521pt>
File: basics/screen.png Graphic file (type png)

<use basics/screen.png> [14 <./basics/FlapDockStation.png> <./basics/flap.png>]
[15 <./basics/ScreenDockStation.png (PNG copy)> <./basics/screen.png>]
File: class.png Graphic file (type png)

<use class.png>
File: stop.png Graphic file (type png)
 <use stop.png>
Underfull \hbox (badness 4543) in paragraph at lines 175--175
[]\OT1/cmr/m/n/10 Never for-get to reg-is-ter the root-\OT1/cmtt/m/n/10 DockSta
tion\OT1/cmr/m/n/10 (s) at the
 []

File: design.png Graphic file (type png)
<use design.png>
File: stop.png Graphic file (type png)
 <use stop.png>
File: design.png Graphic file (type png)
 <use design.png> [16]
File: info.png Graphic file (type png)
 <use info.png>
File: design.png Graphic file (type png)

<use design.png>) [17]
\openout2 = `layouts/chapter.aux'.

 (./layouts/chapter.tex
Underfull \hbox (badness 7722) in paragraph at lines 6--7
\OT1/cmr/m/n/10 par-ent(s). Lo-cal in-for-ma-tion is rep-re-sented by a chain o
f
 []


Underfull \hbox (badness 10000) in paragraph at lines 6--7
\OT1/cmtt/m/n/10 DockableProperty\OT1/cmr/m/n/10 s, and each \OT1/cmtt/m/n/10 D
ockStation \OT1/cmr/m/n/10 of-fers a method
 []


Underfull \hbox (badness 1484) in paragraph at lines 7--8
[]\OT1/cmr/m/n/10 Global in-for-ma-tion de-scribes the re-la-tion-ship of an en
-tire tree of
 []

File: info.png Graphic file (type png)
<use info.png>
File: code.png Graphic file (type png)
 <use code.png>
File: design.png Graphic file (type png)
 <use design.png> [18


]
File: class.png Graphic file (type png)
 <use class.png>
Underfull \hbox (badness 10000) in paragraph at lines 23--23
[]\OT1/cmr/m/n/10 Most \OT1/cmtt/m/n/10 DockStation\OT1/cmr/m/n/10 s use the \O
T1/cmtt/m/n/10 PlaceholderList \OT1/cmr/m/n/10 and the
 []


Underfull \hbox (badness 1924) in paragraph at lines 23--23
\OT1/cmtt/m/n/10 PlacehoderMap \OT1/cmr/m/n/10 to man-age their \OT1/cmtt/m/n/1
0 Dockable\OT1/cmr/m/n/10 s and place-hold-
 []

File: class.png Graphic file (type png)
<use class.png>
Underfull \hbox (badness 2980) in paragraph at lines 50--50
[]\OT1/cmr/m/n/10 also for \OT1/cmtt/m/n/10 SplitDockStation\OT1/cmr/m/n/10 .
 []

[19]
File: stop.png Graphic file (type png)
 <use stop.png> [20]
File: info.png Graphic file (type png)
 <use info.png>
File: code.png Graphic file (type png)
 <use code.png>
File: stop.png Graphic file (type png)
 <use stop.png> [21]
File: class.png Graphic file (type png)

<use class.png>
Underfull \hbox (badness 1552) in paragraph at lines 103--103
\OT1/cmr/m/n/10 Each \OT1/cmtt/m/n/10 DockLayout \OT1/cmr/m/n/10 con-tains a un
ique iden-ti-fier for the fac-
 []


Underfull \hbox (badness 2126) in paragraph at lines 103--103
\OT1/cmr/m/n/10 tory and the data gen-er-ated by the fac-tory. Fi-nally a
 []

File: info.png Graphic file (type png)
<use info.png> [22]
File: info.png Graphic file (type png)
 <use info.png>
Underfull \hbox (badness 10000) in paragraph at lines 112--112
[]\OT1/cmr/m/n/10 Default fac-to-ries are in-stalled for \OT1/cmtt/m/n/10 Defau
ltDockable\OT1/cmr/m/n/10 ,
 []

File: stop.png Graphic file (type png)
<use stop.png>
LaTeX Font Info:    Try loading font information for OML+cmr on input line 128.

 (/usr/share/texmf-texlive/tex/latex/base/omlcmr.fd
File: omlcmr.fd 1999/05/25 v2.5h Standard LaTeX font definitions
)
LaTeX Font Info:    Font shape `OML/cmr/m/n' in size <7> not available
(Font)              Font shape `OML/cmm/m/it' tried instead on input line 128.
 [23]
Overfull \hbox (0.55472pt too wide) in paragraph at lines 172--173
[]\OT1/cmr/m/n/10 The ex-tended al-go-rithm uses a spe-cial \OT1/cmtt/m/n/10 Do
ckFactory\OT1/cmr/m/n/10 , called \OT1/cmtt/m/n/10 PreloadFactory\OT1/cmr/m/n/1
0 ,
 []

File: class.png Graphic file (type png)
<use class.png> [24]
File: stop.png Graphic file (type png)
 <use stop.png>
File: design.png Graphic file (type png)
 <use design.png>
LaTeX Font Info:    Font shape `OMS/cmr/m/it' in size <7> not available
(Font)              Font shape `OMS/cmsy/m/n' tried instead on input line 194.
File: info.png Graphic file (type png)
 <use info.png> [25]
File: info.png Graphic file (type png)

<use info.png>
Underfull \hbox (badness 3029) in paragraph at lines 233--233
[]\OT1/cmr/m/n/10 A \OT1/cmtt/m/n/10 DockFrontend \OT1/cmr/m/n/10 will es-ti-ma
te lo-ca-tions of those miss-ing
 []

File: class.png Graphic file (type png)
<use class.png>
Underfull \hbox (badness 10000) in paragraph at lines 235--235
[]\OT1/cmr/m/n/10 If us-ing a \OT1/cmtt/m/n/10 PredefinedDockSituation\OT1/cmr/
m/n/10 , the method
 []

[26]
File: info.png Graphic file (type png)
 <use info.png>
Overfull \hbox (0.85176pt too wide) in paragraph at lines 249--250
\OT1/cmr/m/n/10 write the xml, bi-nary or the in-ter-me-di-ate for-mat. Clients
 us-ing a \OT1/cmtt/m/n/10 DockSituation
 []

File: code.png Graphic file (type png)
<use code.png> [27]
File: info.png Graphic file (type png)
 <use info.png>
File: info.png Graphic file (type png)
 <use info.png> [28]
File: info.png Graphic file (type png)
 <use info.png>
File: stop.png Graphic file (type png)

<use stop.png>
File: class.png Graphic file (type png)
 <use class.png>) [29]
\openout2 = `actions/chapter.aux'.

 (./actions/chapter.tex
<actions/actions.png, id=134, 234.476pt x 220.825pt>
File: actions/actions.png Graphic file (type png)
 <use actions/actions.png>
File: code.png Graphic file (type png)

<use code.png>
File: class.png Graphic file (type png)
 <use class.png>
File: design.png Graphic file (type png)
 <use design.png> [30


 <./actions/actions.png>]
File: class.png Graphic file (type png)

<use class.png> [31]
File: class.png Graphic file (type png)
 <use class.png>
File: stop.png Graphic file (type png)
 <use stop.png>
Underfull \hbox (badness 1796) in paragraph at lines 52--52
[]\OT1/cmr/m/n/10 It is gen-er-ally a bad idea to write \OT1/cmtt/m/n/10 DockAc
tionOffer\OT1/cmr/m/n/10 s or
 []

[32] [33]
File: code.png Graphic file (type png)
 <use code.png> [34]
File: stop.png Graphic file (type png)
 <use stop.png>
File: design.png Graphic file (type png)
 <use design.png>
File: class.png Graphic file (type png)
 <use class.png>
Underfull \hbox (badness 2626) in paragraph at lines 158--159
\OT1/cmr/m/n/10 can use an \OT1/cmtt/m/n/10 ActionType \OT1/cmr/m/n/10 as key f
or a fac-tory that is stored in the
 []

[35] [36]
Underfull \hbox (badness 1609) in paragraph at lines 223--224
\OT1/cmtt/m/n/10 ActionType CUSTOM\OT1/cmr/m/n/10 . This should be done on star
tup, be-fore the first
 []

File: stop.png Graphic file (type png)
<use stop.png>) [37]
\openout2 = `titles/chapter.aux'.

 (./titles/chapter.tex
<titles/titles.png, id=162, 224.037pt x 223.43475pt>
File: titles/titles.png Graphic file (type png)
 <use titles/titles.png>
Underfull \hbox (badness 3078) in paragraph at lines 14--15
[]\OT1/cmr/m/n/10 The \OT1/cmr/m/it/10 kind \OT1/cmr/m/n/10 of a ti-tle is spec
-i-fied by a \OT1/cmtt/m/n/10 DockTitleVersion\OT1/cmr/m/n/10 . New
 []

File: stop.png Graphic file (type png)
<use stop.png>
File: info.png Graphic file (type png)
 <use info.png>
Underfull \hbox (badness 2310) in paragraph at lines 26--26
[]\OT1/cmr/m/n/10 The method \OT1/cmtt/m/n/10 listBoundTitles \OT1/cmr/m/n/10 r
e-turns an list of all
 []

[38


 <./titles/titles.png>]
Underfull \hbox (badness 2111) in paragraph at lines 34--35
\OT1/cmr/m/n/10 tle it-self: the method \OT1/cmtt/m/n/10 changed\OT1/cmr/m/n/10
 . Mod-ules use this method to send
 []

File: design.png Graphic file (type png)
<use design.png>
File: class.png Graphic file (type png)
 <use class.png> [39]
File: code.png Graphic file (type png)
 <use code.png>
Underfull \hbox (badness 1424) in paragraph at lines 56--57
[]\OT1/cmr/m/n/10 The \OT1/cmtt/m/n/10 DockTheme \OT1/cmr/m/n/10 can be used as
 well. Ei-ther over-ride the method
 []


Underfull \hbox (badness 1460) in paragraph at lines 58--59
\OT1/cmtt/m/n/10 DockTitleManager \OT1/cmr/m/n/10 can be ac-cessed by call-ing 
\OT1/cmtt/m/n/10 getDockTitleManager \OT1/cmr/m/n/10 of
 []

) [40]
\openout2 = `themes/chapter.aux'.

 (./themes/chapter.tex
<themes/theme_default.png, id=174, 609.27625pt x 436.63126pt>
File: themes/theme_default.png Graphic file (type png)

<use themes/theme_default.png> [41


 <./themes/theme_default.png (PNG copy)>]
<themes/theme_flat.png, id=178, 456.95718pt x 327.47343pt>
File: themes/theme_flat.png Graphic file (type png)

<use themes/theme_flat.png>
<themes/theme_bubble.png, id=179, 456.95718pt x 327.47343pt>
File: themes/theme_bubble.png Graphic file (type png)

<use themes/theme_bubble.png> [42 <./themes/theme_flat.png (PNG copy)> <./theme
s/theme_bubble.png (PNG copy)>]
<themes/theme_eclipse.png, id=183, 456.95718pt x 327.47343pt>
File: themes/theme_eclipse.png Graphic file (type png)

<use themes/theme_eclipse.png>
File: class.png Graphic file (type png)
 <use class.png>
File: stop.png Graphic file (type png)
 <use stop.png>
Underfull \hbox (badness 1642) in paragraph at lines 73--73
[]\OT1/cmr/m/n/10 The set-tings for ti-tles and bor-ders that are given by an
 []

[43 <./themes/theme_eclipse.png (PNG copy)>]
File: stop.png Graphic file (type png)
 <use stop.png>
File: info.png Graphic file (type png)
 <use info.png>
[44]
File: design.png Graphic file (type png)
 <use design.png> [45]
Underfull \hbox (badness 2828) in paragraph at lines 127--128
\OT1/cmtt/m/n/10 ColorManager \OT1/cmr/m/n/10 is an \OT1/cmtt/m/n/10 UIProperti
es \OT1/cmr/m/n/10 and can be ac-cessed through the
 []

File: code.png Graphic file (type png)
<use code.png>
File: info.png Graphic file (type png)
 <use info.png>
Underfull \hbox (badness 1137) in paragraph at lines 161--161
[]\OT1/cmr/m/n/10 There is no global list of keys and ev-ery \OT1/cmtt/m/n/10 D
ockTheme \OT1/cmr/m/n/10 uses
 []

[46]
File: class.png Graphic file (type png)
 <use class.png>
Underfull \hbox (badness 1590) in paragraph at lines 163--163
[]\OT1/cmr/m/n/10 All the stan-dard themes use a \OT1/cmtt/m/n/10 ColorScheme \
OT1/cmr/m/n/10 as their ini-
 []


Underfull \hbox (badness 2119) in paragraph at lines 163--163
\OT1/cmr/m/n/10 stant \OT1/cmtt/m/n/10 BASIC[]COLOR[]SCHEME\OT1/cmr/m/n/10 . Th
ere are sev-eral sub-classes of
 []

File: class.png Graphic file (type png)
<use class.png>
Underfull \hbox (badness 2521) in paragraph at lines 179--180
\OT1/cmr/m/n/10 cessed through the method \OT1/cmtt/m/n/10 getIcons \OT1/cmr/m/
n/10 of \OT1/cmtt/m/n/10 DockController\OT1/cmr/m/n/10 . It is an
 []

[47]
Underfull \hbox (badness 2809) in paragraph at lines 208--209
\OT1/cmr/m/n/10 tions like a ti-tle or some bor-der. All \OT1/cmtt/m/n/10 DockS
tation\OT1/cmr/m/n/10 s make use of
 []


Overfull \hbox (0.22102pt too wide) in paragraph at lines 210--211
\OT1/cmr/m/n/10 dis-player needs to call the \OT1/cmtt/m/n/10 discard \OT1/cmr/
m/n/10 method of any \OT1/cmtt/m/n/10 DockableDisplayerListener
 []

[48]) [49]
\openout2 = `stations/chapter.aux'.

 (./stations/chapter.tex
Underfull \hbox (badness 10000) in paragraph at lines 8--10
\OT1/cmtt/m/n/10 ScreenDockWindowFactory \OT1/cmr/m/n/10 and use the prop-erty 
key
 []

File: class.png Graphic file (type png)
<use class.png>
File: info.png Graphic file (type png)
 <use info.png> [50


]
File: stop.png Graphic file (type png)
 <use stop.png>
File: class.png Graphic file (type png)
 <use class.png>
Overfull \hbox (4.86406pt too wide) in paragraph at lines 51--52
\OT1/cmr/m/n/10 can be done us-ing the prop-erty key \OT1/cmtt/m/n/10 ScreenDoc
kStation.FULL[]SCREEN[]STRATEGY\OT1/cmr/m/n/10 . 
 []

File: design.png Graphic file (type png)
<use design.png>
Underfull \hbox (badness 2393) in paragraph at lines 53--53
\OT1/cmr/m/n/10 But be-cause the frame-work does nowhere en-force that a
 []

[51]
Underfull \hbox (badness 7685) in paragraph at lines 56--57
\OT1/cmtt/m/n/10 ScreenDropSizeStrategy\OT1/cmr/m/n/10 , and in-stalling it us-
ing the prop-erty key
 []

File: stop.png Graphic file (type png)
<use stop.png> [52]
File: info.png Graphic file (type png)
 <use info.png> [53]
File: stop.png Graphic file (type png)
 <use stop.png>
Underfull \hbox (badness 3375) in paragraph at lines 98--98
[]\OT1/cmr/m/n/10 Much of what is writ-ten in this chap-ter does not ap-
 []


Underfull \hbox (badness 10000) in paragraph at lines 98--98
\OT1/cmr/m/n/10 ply to the \OT1/cmtt/m/n/10 BasicTheme\OT1/cmr/m/n/10 , be-caus
e the abil-i-ties of the
 []


Underfull \hbox (badness 1178) in paragraph at lines 98--98
\OT1/cmtt/m/n/10 JTabbedPane \OT1/cmr/m/n/10 are very lim-ited com-pared to the
 abil-i-ties of
 []

File: design.png Graphic file (type png)
<use design.png> <stations/tabsOverview.png, id=219, 435.226pt x 233.673pt>
File: stations/tabsOverview.png Graphic file (type png)

<use stations/tabsOverview.png>

LaTeX Warning: `!h' float specifier changed to `!ht'.

<stations/smallTabs.png, id=220, 418.363pt x 258.566pt>
File: stations/smallTabs.png Graphic file (type png)

<use stations/smallTabs.png>

LaTeX Warning: `!h' float specifier changed to `!ht'.

<stations/tab.png, id=221, 226.446pt x 126.874pt>
File: stations/tab.png Graphic file (type png)
 <use stations/tab.png>

LaTeX Warning: `!h' float specifier changed to `!ht'.

File: class.png Graphic file (type png)
<use class.png> [54] [55 <./stations/tabsOverview.png> <./stations/smallTabs.pn
g> <./stations/tab.png>]
Underfull \hbox (badness 10000) in paragraph at lines 144--145
[]\OT1/cmr/m/n/10 Clients can change the con-fig-u-ra-tion us-ing the prop-erty
 key
 []

File: class.png Graphic file (type png)
<use class.png>
Underfull \hbox (badness 10000) in paragraph at lines 149--149
[]\OT1/cmr/m/n/10 The de-fault im-ple-men-ta-tion of \OT1/cmtt/m/n/10 TabLayout
Manager \OT1/cmr/m/n/10 is
 []


Underfull \hbox (badness 10000) in paragraph at lines 149--149
\OT1/cmtt/m/n/10 MenuLineLayout\OT1/cmr/m/n/10 . This class uses a fac-tory cal
led
 []

<stations/flap.png, id=232, 331.639pt x 158.994pt>
File: stations/flap.png Graphic file (type png)
 <use stations/flap.png>

LaTeX Warning: `!h' float specifier changed to `!ht'.

File: info.png Graphic file (type png)
<use info.png> [56]
File: class.png Graphic file (type png)
 <use class.png>)
Underfull \hbox (badness 6094) in paragraph at lines 178--100
\OT1/cmr/m/n/10 fault be-hav-ior is to show only ac-tions which are an-no-tated
 with
 []

[57 <./stations/flap.png>]
\openout2 = `dragNdrop/chapter.aux'.

 (./dragNdrop/chapter.tex
Underfull \hbox (badness 1648) in paragraph at lines 5--6
\OT1/cmr/m/n/10 makes sure that the user has some vi-sual feed-back is lo-cated
 in the
 []


Underfull \hbox (badness 10000) in paragraph at lines 5--6
\OT1/cmtt/m/n/10 DefaultDockRelocator\OT1/cmr/m/n/10 . \OT1/cmtt/m/n/10 Default
DockRelocator \OT1/cmr/m/n/10 it-self ex-tends from
 []

File: class.png Graphic file (type png)
<use class.png>
Underfull \hbox (badness 2334) in paragraph at lines 9--9
\OT1/cmr/m/n/10 in or-der to in-stall their cus-tomized class. The method
 []

File: info.png Graphic file (type png)
<use info.png>
File: stop.png Graphic file (type png)
 <use stop.png>
Underfull \hbox (badness 4608) in paragraph at lines 23--23
[]\OT1/cmr/m/n/10 The be-hav-ior for rep-re-sen-ta-tions of \OT1/cmtt/m/n/10 Do
ckable\OT1/cmr/m/n/10 s that are
 []


Underfull \hbox (badness 2376) in paragraph at lines 23--23
\OT1/cmr/m/n/10 not reg-is-tered is un-spec-i-fied. Clients should not add a
 []

[58


]
Underfull \hbox (badness 3386) in paragraph at lines 28--29
[]\OT1/cmr/m/n/10 A \OT1/cmtt/m/n/10 RemoteRelocator \OT1/cmr/m/n/10 can be op-
tained by call-ing \OT1/cmtt/m/n/10 createRemote \OT1/cmr/m/n/10 of
 []

File: class.png Graphic file (type png)
<use class.png>
Underfull \hbox (badness 1005) in paragraph at lines 42--42
\OT1/cmr/m/n/10 stances can be op-tained by call-ing \OT1/cmtt/m/n/10 createDir
ectRemote \OT1/cmr/m/n/10 of
 []

File: info.png Graphic file (type png)
<use info.png> [59]
File: info.png Graphic file (type png)
 <use info.png>
File: class.png Graphic file (type png)
 <use class.png>
Underfull \hbox (badness 4429) in paragraph at lines 66--66
[]\OT1/cmtt/m/n/10 DockController.getAcceptance \OT1/cmr/m/n/10 al-lows ac-cess
 to the
 []


Underfull \hbox (badness 1810) in paragraph at lines 66--66
\OT1/cmr/m/n/10 global \OT1/cmtt/m/n/10 DockAcceptance\OT1/cmr/m/n/10 , an ad-d
i-tional re-stric-tion that
 []

[60]
File: stop.png Graphic file (type png)
 <use stop.png>
Overfull \hbox (0.3329pt too wide) in paragraph at lines 80--81
\OT1/cmr/m/n/10 Not ev-ery pos-si-ble \OT1/cmtt/m/n/10 DockStation \OT1/cmr/m/n
/10 is a good or valid tar-get for a dragged \OT1/cmtt/m/n/10 Dockable\OT1/cmr/
m/n/10 .
 []

File: stop.png Graphic file (type png)
<use stop.png>
File: design.png Graphic file (type png)
 <use design.png> [61]
File: class.png Graphic file (type png)
 <use class.png>
Underfull \hbox (badness 6428) in paragraph at lines 109--109
\OT1/cmr/m/n/10 or \OT1/cmtt/m/n/10 NO[]COMBINATION \OT1/cmr/m/n/10 are the pro
p-er-ties \OT1/cmtt/m/n/10 SCREEN[]MASK \OT1/cmr/m/n/10 and
 []

[62]
File: info.png Graphic file (type png)
 <use info.png>
File: class.png Graphic file (type png)
 <use class.png>
File: stop.png Graphic file (type png)
 <use stop.png>) [63]
\openout2 = `preferences/chapter.aux'.


(./preferences/chapter.tex
<preferences/preferences.png, id=259, 466.74374pt x 204.765pt>
File: preferences/preferences.png Graphic file (type png)

<use preferences/preferences.png>
File: design.png Graphic file (type png)
 <use design.png> [64


 <./preferences/preferences.png (PNG copy)>]
File: class.png Graphic file (type png)
 <use class.png>
File: class.png Graphic file (type png)
 <use class.png>
Underfull \hbox (badness 10000) in paragraph at lines 36--36
[]\OT1/cmr/m/n/10 Several mod-els can be com-bined us-ing a
 []

File: info.png Graphic file (type png)
<use info.png>
File: class.png Graphic file (type png)
 <use class.png> [65]
Underfull \hbox (badness 3803) in paragraph at lines 66--67
[]\OT1/cmr/m/n/10 Preferences can have op-er-a-tions as well. The method
 []


Underfull \hbox (badness 10000) in paragraph at lines 66--67
\OT1/cmr/m/n/10 change the en-abled state by call-ing \OT1/cmtt/m/n/10 preferen
ceChanged \OT1/cmr/m/n/10 of
 []


Underfull \hbox (badness 5050) in paragraph at lines 66--67
\OT1/cmtt/m/n/10 PreferenceModelListener\OT1/cmr/m/n/10 . If the user trig-gers
 an op-er-a-tion,
 []

File: info.png Graphic file (type png)
<use info.png> [66]
File: design.png Graphic file (type png)
 <use design.png> [67]) [68]
\openout2 = `extensions/chapter.aux'.

 (./extensions/chapter.tex
File: design.png Graphic file (type png)

<use design.png>
LaTeX Font Info:    Font shape `OT1/cmtt/bx/n' in size <10> not available
(Font)              Font shape `OT1/cmtt/m/n' tried instead on input line 15.

Underfull \hbox (badness 6808) in paragraph at lines 15--16
\OT1/cmtt/m/it/10 DockThemeExtension.DOCK[]THEME[]EXTENSION\OT1/cmr/m/n/10 : Al
-lows to mod-ify a
 []


Overfull \hbox (9.29233pt too wide) in paragraph at lines 19--20
\OT1/cmtt/m/it/10 DefaultDockRelocator.INSERTER[]EXTENSION\OT1/cmr/m/n/10 : Al-
lows an ex-ten-sion to com-
 []


Overfull \hbox (2.90533pt too wide) in paragraph at lines 20--21
\OT1/cmtt/m/it/10 ScreenDockStation.ATTRACTOR[]STRATEGY[]EXTENSION\OT1/cmr/m/n/
10 : In-stalls ad-di-tional
 []

[69


]
Overfull \hbox (2.2092pt too wide) in paragraph at lines 23--24
\OT1/cmtt/m/it/10 DisplayerFactory.DISPLAYER[]EXTENSION\OT1/cmr/m/n/10 : In-jec
ts ad-di-tional fac-to-ries for
 []


Underfull \hbox (badness 5637) in paragraph at lines 24--25
\OT1/cmtt/m/it/10 TextManager.TEXT[]EXTENSION\OT1/cmr/m/n/10 : Adds more lan-gu
age files to the
 []


Overfull \hbox (2.16637pt too wide) in paragraph at lines 25--26
\OT1/cmr/m/n/10 Modifies the de-fault con-fig-u-ra-tion of the win-dows of a \O
T1/cmtt/m/n/10 ScreenDockStation\OT1/cmr/m/n/10 . 
 []


Overfull \hbox (5.84724pt too wide) in paragraph at lines 26--27
\OT1/cmtt/m/it/10 DefaultDockableMovingImageFactory.FACTORY[]EXTENSION\OT1/cmr/
m/n/10 : Mod-i-fies the
 []


Overfull \hbox (3.04262pt too wide) in paragraph at lines 27--28
\OT1/cmtt/m/it/10 ScreenDockStation.STATION[]EXTENSION\OT1/cmr/m/n/10 : In-stal
ls an al-go-rithm that mod-
 []


Underfull \hbox (badness 4981) in paragraph at lines 29--30
\OT1/cmtt/m/it/10 DockFrontend.FRONTEND[]EXTENSION\OT1/cmr/m/n/10 : This ex-ten
-sions knows which
 []


Underfull \hbox (badness 10000) in paragraph at lines 33--34
\OT1/cmtt/m/n/10 EclipseTheme\OT1/cmr/m/n/10 . Clients only need to en-sure tha
t the li-braries
 []

File: stop.png Graphic file (type png)
<use stop.png>
Overfull \hbox (0.22173pt too wide) in paragraph at lines 38--39
\OT1/cmr/m/n/10 The Toolbar-extension adds tool-bars, a set of new \OT1/cmtt/m/
n/10 DockStation\OT1/cmr/m/n/10 s and \OT1/cmtt/m/n/10 Dockable\OT1/cmr/m/n/10 
s,
 []


Underfull \hbox (badness 10000) in paragraph at lines 38--39
\OT1/cmr/m/n/10 to the frame-work. Clients need to en-sure that the li-brary
 []


Underfull \hbox (badness 10000) in paragraph at lines 38--39
\OT1/cmtt/m/n/10 docking-frames-ext-toolbar.jar \OT1/cmr/m/n/10 is part of the 
class-path, the
 []

[70]
File: code.png Graphic file (type png)
 <use code.png>) [71]
\openout2 = `properties/chapter.aux'.

 (./properties/chapter.tex
File: stop.png Graphic file (type png)
 <use stop.png> [72


]
Overfull \hbox (4.46335pt too wide) in paragraph at lines 27--28
\OT1/cmtt/m/it/10 EclipseTheme.PAINT[]ICONS[]WHEN[]DESELECTED\OT1/cmr/m/n/10 : 
Tells whether icons should
 []

[73]
Overfull \hbox (1.65521pt too wide) in paragraph at lines 39--40
\OT1/cmtt/m/it/10 FlapDockStation.BUTTON[]CONTENT[]FILTER\OT1/cmr/m/n/10 : Fil-
ters the \OT1/cmtt/m/n/10 DockAction\OT1/cmr/m/n/10 s that
 []


Overfull \hbox (4.8502pt too wide) in paragraph at lines 45--46
\OT1/cmtt/m/it/10 ScreenDockStation.DROP[]SIZE[]STRATEGY\OT1/cmr/m/n/10 : Tells
 how big a win-dow is when
 []


Overfull \hbox (6.01889pt too wide) in paragraph at lines 46--47
\OT1/cmtt/m/it/10 ScreenDockStation.EXPAND[]ON[]DOUBLE[]CLICK\OT1/cmr/m/n/10 : 
Tells whether dou-ble click-
 []

[74]
Underfull \hbox (badness 10000) in paragraph at lines 55--56
\OT1/cmtt/m/it/10 StackDockStation.COMPONENT[]FACTORY\OT1/cmr/m/n/10 : A fac-to
ry cre-at-ing a
 []


Overfull \hbox (1.2637pt too wide) in paragraph at lines 58--59
\OT1/cmtt/m/it/10 StackDockStation.TAB[]CONFIGURATIONS\OT1/cmr/m/n/10 : A con-f
ig-u-ra-tion telling how the
 []

[75]
Overfull \hbox (0.51657pt too wide) in paragraph at lines 66--67
\OT1/cmtt/m/it/10 DockAction.BUTTON[]CONTENT[]FILTER\OT1/cmr/m/n/10 : \OT1/cmtt
/m/n/10 DockAction\OT1/cmr/m/n/10 s can be shown on but-
 []


Underfull \hbox (badness 2205) in paragraph at lines 73--74
\OT1/cmtt/m/n/10 Dockable\OT1/cmr/m/n/10 s. For ex-am-ple the frame-work will n
ot cre-ate a new
 []

[76]
Underfull \hbox (badness 3417) in paragraph at lines 86--87
\OT1/cmtt/m/it/10 PropertyKey.DOCK[]STATION[]TOOLTIP\OT1/cmr/m/n/10 : This tool
tip is shown by a
 []

[77]
Overfull \hbox (7.6006pt too wide) in paragraph at lines 96--97
\OT1/cmtt/m/it/10 CGlassExtension.SMALL[]TAB[]SIZE\OT1/cmr/m/n/10 : Al-lows to 
make tabs a lit-tle bit smaller. 
 []


Overfull \hbox (6.21072pt too wide) in paragraph at lines 103--104
\OT1/cmtt/m/it/10 ToolbarGroupDockStation.DIVIDER[]STRATEGY[]FACTORY\OT1/cmr/m/
n/10 : This strat-egy al-
 []


Overfull \hbox (13.54219pt too wide) in paragraph at lines 105--106
\OT1/cmtt/m/it/10 ToolbarGroupDockStation.SCROLLBAR[]FACTORY\OT1/cmr/m/n/10 : T
his fac-tory cre-ates scroll-
 []


Overfull \hbox (2.9874pt too wide) in paragraph at lines 107--108
\OT1/cmtt/m/it/10 ToolbarDockStation.SIDE[]GAP\OT1/cmr/m/n/10 : An in-te-ger te
lling how much space should
 []

) [78] (./guide2.aux (./introduction/chapter.aux) (./basics/chapter.aux)
(./layouts/chapter.aux) (./actions/chapter.aux) (./titles/chapter.aux)
(./themes/chapter.aux) (./stations/chapter.aux) (./dragNdrop/chapter.aux)
(./preferences/chapter.aux) (./extensions/chapter.aux)
(./properties/chapter.aux)) ) 
Here is how much of TeX's memory you used:
 3178 strings out of 495061
 46060 string characters out of 1182621
 181590 words of memory out of 3000000
 6258 multiletter control sequences out of 15000+50000
 9571 words of font info for 34 fonts, out of 3000000 for 9000
 28 hyphenation exceptions out of 8191
 30i,12n,40p,985b,1466s stack positions out of 5000i,500n,10000p,200000b,50000s
 </home/beni/.texmf-var/fonts/pk/ljfour/jknappen/e
c/tcrm1000.600pk></usr/share/texmf-texlive/fonts/type1/public/amsfonts/cm/cmbx1
0.pfb></usr/share/texmf-texlive/fonts/type1/public/amsfonts/cm/cmbx12.pfb></usr
/share/texmf-texlive/fonts/type1/public/amsfonts/cm/cmbx7.pfb></usr/share/texmf
-texlive/fonts/type1/public/amsfonts/cm/cmitt10.pfb></usr/share/texmf-texlive/f
onts/type1/public/amsfonts/cm/cmmi10.pfb></usr/share/texmf-texlive/fonts/type1/
public/amsfonts/cm/cmmi7.pfb></usr/share/texmf-texlive/fonts/type1/public/amsfo
nts/cm/cmr10.pfb></usr/share/texmf-texlive/fonts/type1/public/amsfonts/cm/cmr12
.pfb></usr/share/texmf-texlive/fonts/type1/public/amsfonts/cm/cmr17.pfb></usr/s
hare/texmf-texlive/fonts/type1/public/amsfonts/cm/cmr7.pfb></usr/share/texmf-te
xlive/fonts/type1/public/amsfonts/cm/cmsy7.pfb></usr/share/texmf-texlive/fonts/
type1/public/amsfonts/cm/cmti10.pfb></usr/share/texmf-texlive/fonts/type1/publi
c/amsfonts/cm/cmti7.pfb></usr/share/texmf-texlive/fonts/type1/public/amsfonts/c
m/cmtt10.pfb>
Output written on guide2.pdf (78 pages, 960705 bytes).
PDF statistics:
 360 PDF objects out of 1000 (max. 8388607)
 0 named destinations out of 1000 (max. 500000)
 126 words of extra memory for PDF output out of 10000 (max. 10000000)

