This is pdfTeX, Version 3.14159265-2.6-1.40.18 (TeX Live 2017/Debian) (preloaded format=pdflatex 2018.10.28)  5 MAY 2019 11:46
entering extended mode
 restricted \write18 enabled.
 %&-line parsing enabled.
**guide2.tex
(./guide2.tex
LaTeX2e <2017-04-15>
Babel <3.18> and hyphenation patterns for 3 language(s) loaded.
(/usr/share/texlive/texmf-dist/tex/latex/base/article.cls
Document Class: article 2014/09/29 v1.4h Standard LaTeX document class
(/usr/share/texlive/texmf-dist/tex/latex/base/size10.clo
File: size10.clo 2014/09/29 v1.4h Standard LaTeX file (size option)
)
\c@part=\count79
\c@section=\count80
\c@subsection=\count81
\c@subsubsection=\count82
\c@paragraph=\count83
\c@subparagraph=\count84
\c@figure=\count85
\c@table=\count86
\abovecaptionskip=\skip41
\belowcaptionskip=\skip42
\bibindent=\dimen102
)
(/usr/share/texlive/texmf-dist/tex/latex/listings/listings.sty
(/usr/share/texlive/texmf-dist/tex/latex/graphics/keyval.sty
Package: keyval 2014/10/28 v1.15 key=value parser (DPC)
\KV@toks@=\toks14
)
\lst@mode=\count87
\lst@gtempboxa=\box26
\lst@token=\toks15
\lst@length=\count88
\lst@currlwidth=\dimen103
\lst@column=\count89
\lst@pos=\count90
\lst@lostspace=\dimen104
\lst@width=\dimen105
\lst@newlines=\count91
\lst@lineno=\count92
\lst@maxwidth=\dimen106

(/usr/share/texlive/texmf-dist/tex/latex/listings/lstmisc.sty
File: lstmisc.sty 2015/06/04 1.6 (Carsten Heinz)
\c@lstnumber=\count93
\lst@skipnumbers=\count94
\lst@framebox=\box27
)
(/usr/share/texlive/texmf-dist/tex/latex/listings/listings.cfg
File: listings.cfg 2015/06/04 1.6 listings configuration
))
Package: listings 2015/06/04 1.6 (Carsten Heinz)

(/usr/share/texlive/texmf-dist/tex/latex/graphics/color.sty
Package: color 2016/07/10 v1.1e Standard LaTeX Color (DPC)

(/usr/share/texlive/texmf-dist/tex/latex/graphics-cfg/color.cfg
File: color.cfg 2016/01/02 v1.6 sample color configuration
)
Package color Info: Driver file: pdftex.def on input line 147.

(/usr/share/texlive/texmf-dist/tex/latex/graphics-def/pdftex.def
File: pdftex.def 2018/01/08 v1.0l Graphics/color driver for pdftex
))
(/usr/share/texlive/texmf-dist/tex/latex/graphics/graphicx.sty
Package: graphicx 2017/06/01 v1.1a Enhanced LaTeX Graphics (DPC,SPQR)

(/usr/share/texlive/texmf-dist/tex/latex/graphics/graphics.sty
Package: graphics 2017/06/25 v1.2c Standard LaTeX Graphics (DPC,SPQR)

(/usr/share/texlive/texmf-dist/tex/latex/graphics/trig.sty
Package: trig 2016/01/03 v1.10 sin cos tan (DPC)
)
(/usr/share/texlive/texmf-dist/tex/latex/graphics-cfg/graphics.cfg
File: graphics.cfg 2016/06/04 v1.11 sample graphics configuration
)
Package graphics Info: Driver file: pdftex.def on input line 99.
)
\Gin@req@height=\dimen107
\Gin@req@width=\dimen108
)
(/usr/share/texlive/texmf-dist/tex/latex/base/textcomp.sty
Package: textcomp 2017/04/05 v2.0i Standard LaTeX package
Package textcomp Info: Sub-encoding information:
(textcomp)               5 = only ISO-Adobe without \textcurrency
(textcomp)               4 = 5 + \texteuro
(textcomp)               3 = 4 + \textohm
(textcomp)               2 = 3 + \textestimated + \textcurrency
(textcomp)               1 = TS1 - \textcircled - \t
(textcomp)               0 = TS1 (full)
(textcomp)             Font families with sub-encoding setting implement
(textcomp)             only a restricted character set as indicated.
(textcomp)             Family '?' is the default used for unknown fonts.
(textcomp)             See the documentation for details.
Package textcomp Info: Setting ? sub-encoding to TS1/1 on input line 79.

(/usr/share/texlive/texmf-dist/tex/latex/base/ts1enc.def
File: ts1enc.def 2001/06/05 v3.0e (jk/car/fm) Standard LaTeX file
)
LaTeX Info: Redefining \oldstylenums on input line 334.
Package textcomp Info: Setting cmr sub-encoding to TS1/0 on input line 349.
Package textcomp Info: Setting cmss sub-encoding to TS1/0 on input line 350.
Package textcomp Info: Setting cmtt sub-encoding to TS1/0 on input line 351.
Package textcomp Info: Setting cmvtt sub-encoding to TS1/0 on input line 352.
Package textcomp Info: Setting cmbr sub-encoding to TS1/0 on input line 353.
Package textcomp Info: Setting cmtl sub-encoding to TS1/0 on input line 354.
Package textcomp Info: Setting ccr sub-encoding to TS1/0 on input line 355.
Package textcomp Info: Setting ptm sub-encoding to TS1/4 on input line 356.
Package textcomp Info: Setting pcr sub-encoding to TS1/4 on input line 357.
Package textcomp Info: Setting phv sub-encoding to TS1/4 on input line 358.
Package textcomp Info: Setting ppl sub-encoding to TS1/3 on input line 359.
Package textcomp Info: Setting pag sub-encoding to TS1/4 on input line 360.
Package textcomp Info: Setting pbk sub-encoding to TS1/4 on input line 361.
Package textcomp Info: Setting pnc sub-encoding to TS1/4 on input line 362.
Package textcomp Info: Setting pzc sub-encoding to TS1/4 on input line 363.
Package textcomp Info: Setting bch sub-encoding to TS1/4 on input line 364.
Package textcomp Info: Setting put sub-encoding to TS1/5 on input line 365.
Package textcomp Info: Setting uag sub-encoding to TS1/5 on input line 366.
Package textcomp Info: Setting ugq sub-encoding to TS1/5 on input line 367.
Package textcomp Info: Setting ul8 sub-encoding to TS1/4 on input line 368.
Package textcomp Info: Setting ul9 sub-encoding to TS1/4 on input line 369.
Package textcomp Info: Setting augie sub-encoding to TS1/5 on input line 370.
Package textcomp Info: Setting dayrom sub-encoding to TS1/3 on input line 371.
Package textcomp Info: Setting dayroms sub-encoding to TS1/3 on input line 372.

Package textcomp Info: Setting pxr sub-encoding to TS1/0 on input line 373.
Package textcomp Info: Setting pxss sub-encoding to TS1/0 on input line 374.
Package textcomp Info: Setting pxtt sub-encoding to TS1/0 on input line 375.
Package textcomp Info: Setting txr sub-encoding to TS1/0 on input line 376.
Package textcomp Info: Setting txss sub-encoding to TS1/0 on input line 377.
Package textcomp Info: Setting txtt sub-encoding to TS1/0 on input line 378.
Package textcomp Info: Setting lmr sub-encoding to TS1/0 on input line 379.
Package textcomp Info: Setting lmdh sub-encoding to TS1/0 on input line 380.
Package textcomp Info: Setting lmss sub-encoding to TS1/0 on input line 381.
Package textcomp Info: Setting lmssq sub-encoding to TS1/0 on input line 382.
Package textcomp Info: Setting lmvtt sub-encoding to TS1/0 on input line 383.
Package textcomp Info: Setting lmtt sub-encoding to TS1/0 on input line 384.
Package textcomp Info: Setting qhv sub-encoding to TS1/0 on input line 385.
Package textcomp Info: Setting qag sub-encoding to TS1/0 on input line 386.
Package textcomp Info: Setting qbk sub-encoding to TS1/0 on input line 387.
Package textcomp Info: Setting qcr sub-encoding to TS1/0 on input line 388.
Package textcomp Info: Setting qcs sub-encoding to TS1/0 on input line 389.
Package textcomp Info: Setting qpl sub-encoding to TS1/0 on input line 390.
Package textcomp Info: Setting qtm sub-encoding to TS1/0 on input line 391.
Package textcomp Info: Setting qzc sub-encoding to TS1/0 on input line 392.
Package textcomp Info: Setting qhvc sub-encoding to TS1/0 on input line 393.
Package textcomp Info: Setting futs sub-encoding to TS1/4 on input line 394.
Package textcomp Info: Setting futx sub-encoding to TS1/4 on input line 395.
Package textcomp Info: Setting futj sub-encoding to TS1/4 on input line 396.
Package textcomp Info: Setting hlh sub-encoding to TS1/3 on input line 397.
Package textcomp Info: Setting hls sub-encoding to TS1/3 on input line 398.
Package textcomp Info: Setting hlst sub-encoding to TS1/3 on input line 399.
Package textcomp Info: Setting hlct sub-encoding to TS1/5 on input line 400.
Package textcomp Info: Setting hlx sub-encoding to TS1/5 on input line 401.
Package textcomp Info: Setting hlce sub-encoding to TS1/5 on input line 402.
Package textcomp Info: Setting hlcn sub-encoding to TS1/5 on input line 403.
Package textcomp Info: Setting hlcw sub-encoding to TS1/5 on input line 404.
Package textcomp Info: Setting hlcf sub-encoding to TS1/5 on input line 405.
Package textcomp Info: Setting pplx sub-encoding to TS1/3 on input line 406.
Package textcomp Info: Setting pplj sub-encoding to TS1/3 on input line 407.
Package textcomp Info: Setting ptmx sub-encoding to TS1/4 on input line 408.
Package textcomp Info: Setting ptmj sub-encoding to TS1/4 on input line 409.
)
(/usr/share/texlive/texmf-dist/tex/latex/url/url.sty
\Urlmuskip=\muskip10
Package: url 2013/09/16  ver 3.4  Verb mode for urls, etc.
)
(/usr/share/texlive/texmf-dist/tex/latex/listings/lstlang1.sty
File: lstlang1.sty 2015/06/04 1.6 listings language file
) (./guide2.aux
(./introduction/chapter.aux) (./notation/chapter.aux) (./basics/chapter.aux)
(./foundation/chapter.aux) (./locations/chapter.aux) (./actions/chapter.aux)
(./effects/chapter.aux) (./suggestions/chapter.aux) (./properties/chapter.aux))
\openout1 = `guide2.aux'.

LaTeX Font Info:    Checking defaults for OML/cmm/m/it on input line 81.
LaTeX Font Info:    ... okay on input line 81.
LaTeX Font Info:    Checking defaults for T1/cmr/m/n on input line 81.
LaTeX Font Info:    ... okay on input line 81.
LaTeX Font Info:    Checking defaults for OT1/cmr/m/n on input line 81.
LaTeX Font Info:    ... okay on input line 81.
LaTeX Font Info:    Checking defaults for OMS/cmsy/m/n on input line 81.
LaTeX Font Info:    ... okay on input line 81.
LaTeX Font Info:    Checking defaults for OMX/cmex/m/n on input line 81.
LaTeX Font Info:    ... okay on input line 81.
LaTeX Font Info:    Checking defaults for U/cmr/m/n on input line 81.
LaTeX Font Info:    ... okay on input line 81.
LaTeX Font Info:    Checking defaults for TS1/cmr/m/n on input line 81.
LaTeX Font Info:    Try loading font information for TS1+cmr on input line 81.
(/usr/share/texlive/texmf-dist/tex/latex/base/ts1cmr.fd
File: ts1cmr.fd 2014/09/29 v2.5h Standard LaTeX font definitions
)
LaTeX Font Info:    ... okay on input line 81.
\c@lstlisting=\count95

(/usr/share/texlive/texmf-dist/tex/context/base/mkii/supp-pdf.mkii
[Loading MPS to PDF converter (version 2006.09.02).]
\scratchcounter=\count96
\scratchdimen=\dimen109
\scratchbox=\box28
\nofMPsegments=\count97
\nofMParguments=\count98
\everyMPshowfont=\toks16
\MPscratchCnt=\count99
\MPscratchDim=\dimen110
\MPnumerator=\count100
\makeMPintoPDFobject=\count101
\everyMPtoPDFconversion=\toks17
) (/usr/share/texlive/texmf-dist/tex/latex/oberdiek/epstopdf-base.sty
Package: epstopdf-base 2016/05/15 v2.6 Base part for package epstopdf

(/usr/share/texlive/texmf-dist/tex/generic/oberdiek/infwarerr.sty
Package: infwarerr 2016/05/16 v1.4 Providing info/warning/error messages (HO)
)
(/usr/share/texlive/texmf-dist/tex/latex/oberdiek/grfext.sty
Package: grfext 2016/05/16 v1.2 Manage graphics extensions (HO)

(/usr/share/texlive/texmf-dist/tex/generic/oberdiek/kvdefinekeys.sty
Package: kvdefinekeys 2016/05/16 v1.4 Define keys (HO)

(/usr/share/texlive/texmf-dist/tex/generic/oberdiek/ltxcmds.sty
Package: ltxcmds 2016/05/16 v1.23 LaTeX kernel commands for general use (HO)
)))
(/usr/share/texlive/texmf-dist/tex/latex/oberdiek/kvoptions.sty
Package: kvoptions 2016/05/16 v3.12 Key value format for package options (HO)

(/usr/share/texlive/texmf-dist/tex/generic/oberdiek/kvsetkeys.sty
Package: kvsetkeys 2016/05/16 v1.17 Key value parser (HO)

(/usr/share/texlive/texmf-dist/tex/generic/oberdiek/etexcmds.sty
Package: etexcmds 2016/05/16 v1.6 Avoid name clashes with e-TeX commands (HO)

(/usr/share/texlive/texmf-dist/tex/generic/oberdiek/ifluatex.sty
Package: ifluatex 2016/05/16 v1.4 Provides the ifluatex switch (HO)
Package ifluatex Info: LuaTeX not detected.
)
Package etexcmds Info: Could not find \expanded.
(etexcmds)             That can mean that you are not using pdfTeX 1.50 or
(etexcmds)             that some package has redefined \expanded.
(etexcmds)             In the latter case, load this package earlier.
)))
(/usr/share/texlive/texmf-dist/tex/generic/oberdiek/pdftexcmds.sty
Package: pdftexcmds 2018/01/21 v0.26 Utility functions of pdfTeX for LuaTeX (HO
)

(/usr/share/texlive/texmf-dist/tex/generic/oberdiek/ifpdf.sty
Package: ifpdf 2017/03/15 v3.2 Provides the ifpdf switch
)
Package pdftexcmds Info: LuaTeX not detected.
Package pdftexcmds Info: \pdf@primitive is available.
Package pdftexcmds Info: \pdf@ifprimitive is available.
Package pdftexcmds Info: \pdfdraftmode found.
)
Package epstopdf-base Info: Redefining graphics rule for `.eps' on input line 4
38.
Package grfext Info: Graphics extension search list:
(grfext)             [.pdf,.png,.jpg,.mps,.jpeg,.jbig2,.jb2,.PDF,.PNG,.JPG,.JPE
G,.JBIG2,.JB2,.eps]
(grfext)             \AppendGraphicsExtensions on input line 456.

(/usr/share/texlive/texmf-dist/tex/latex/latexconfig/epstopdf-sys.cfg
File: epstopdf-sys.cfg 2010/07/13 v1.3 Configuration of (r)epstopdf for TeX Liv
e
))
LaTeX Font Info:    External font `cmex10' loaded for size
(Font)              <12> on input line 83.
LaTeX Font Info:    External font `cmex10' loaded for size
(Font)              <8> on input line 83.
LaTeX Font Info:    External font `cmex10' loaded for size
(Font)              <6> on input line 83.

[1

{/var/lib/texmf/fonts/map/pdftex/updmap/pdftex.map}] (./guide2.toc
LaTeX Font Info:    External font `cmex10' loaded for size
(Font)              <7> on input line 2.
LaTeX Font Info:    External font `cmex10' loaded for size
(Font)              <5> on input line 2.
 [2])
\tf@toc=\write3
\openout3 = `guide2.toc'.


[3]
\openout2 = `introduction/chapter.aux'.

 (./introduction/chapter.tex [4

]
Overfull \hbox (21.08307pt too wide) in paragraph at lines 39--40
[]\OT1/cmr/m/n/10 Added new con-fig-u-ra-tion op-tions, es-pe-cially for win-do
ws (\OT1/cmtt/m/n/10 ScreenDockStation\OT1/cmr/m/n/10 )
 []

) [5]
\openout2 = `notation/chapter.aux'.

 (./notation/chapter.tex
\contentbox=\box29
\bkgdbox=\box30
<info.png, id=28, 102.784pt x 102.784pt>
File: info.png Graphic file (type png)
<use info.png>
Package pdftex.def Info: info.png  used on input line 6.
(pdftex.def)             Requested size: 32.50198pt x 32.50258pt.
\contentbox=\box31
\bkgdbox=\box32
<stop.png, id=30, 102.784pt x 102.784pt>
File: stop.png Graphic file (type png)
<use stop.png>
Package pdftex.def Info: stop.png  used on input line 8.
(pdftex.def)             Requested size: 32.50198pt x 32.50258pt.
\contentbox=\box33
\bkgdbox=\box34
<class.png, id=31, 102.784pt x 102.784pt>
File: class.png Graphic file (type png)
<use class.png>
Package pdftex.def Info: class.png  used on input line 10.
(pdftex.def)             Requested size: 32.50198pt x 32.50258pt.
\contentbox=\box35
\bkgdbox=\box36
<design.png, id=32, 102.784pt x 102.784pt>
File: design.png Graphic file (type png)
<use design.png>
Package pdftex.def Info: design.png  used on input line 12.
(pdftex.def)             Requested size: 32.50198pt x 32.50258pt.
\contentbox=\box37
\bkgdbox=\box38
<code.png, id=33, 102.784pt x 102.784pt>
File: code.png Graphic file (type png)
<use code.png>
Package pdftex.def Info: code.png  used on input line 14.
(pdftex.def)             Requested size: 32.50198pt x 32.50258pt.
) [6




pdfTeX warning: pdflatex: pop empty color page stack 0


pdfTeX warning: pdflatex: pop empty color page stack 0
 <./info.png> <./stop.png> <./class.png> <./design.png> <./code.png>]
\openout2 = `basics/chapter.aux'.


(./basics/chapter.tex
<basics/app_without.png, id=43, 198.14024pt x 159.59625pt>
File: basics/app_without.png Graphic file (type png)
<use basics/app_without.png>
Package pdftex.def Info: basics/app_without.png  used on input line 13.
(pdftex.def)             Requested size: 198.13974pt x 159.59584pt.
<basics/app_with.png, id=44, 210.7875pt x 168.63pt>
File: basics/app_with.png Graphic file (type png)
<use basics/app_with.png>
Package pdftex.def Info: basics/app_with.png  used on input line 20.
(pdftex.def)             Requested size: 210.78699pt x 168.62958pt.
 [7


 <./basics/app_without.png>]
LaTeX Font Info:    Try loading font information for OMS+cmr on input line 33.

(/usr/share/texlive/texmf-dist/tex/latex/base/omscmr.fd
File: omscmr.fd 2014/09/29 v2.5h Standard LaTeX font definitions
)
LaTeX Font Info:    Font shape `OMS/cmr/m/n' in size <7> not available
(Font)              Font shape `OMS/cmsy/m/n' tried instead on input line 33.
\contentbox=\box39
\bkgdbox=\box40
File: code.png Graphic file (type png)
<use code.png>
Package pdftex.def Info: code.png  used on input line 43.
(pdftex.def)             Requested size: 32.50198pt x 32.50258pt.
 [8 <./basics/app_with.png>]
\contentbox=\box41
\bkgdbox=\box42
File: info.png Graphic file (type png)
<use info.png>
Package pdftex.def Info: info.png  used on input line 66.
(pdftex.def)             Requested size: 32.50198pt x 32.50258pt.

Underfull \hbox (badness 10000) in paragraph at lines 71--72
\OT1/cmr/m/n/10 go-ing into de-tails: \OT1/cmtt/m/n/10 single-dockable\OT1/cmr/
m/n/10 s ex-ist ex-actly once, while
 []

\contentbox=\box43
\bkgdbox=\box44
File: info.png Graphic file (type png)
<use info.png>
Package pdftex.def Info: info.png  used on input line 75.
(pdftex.def)             Requested size: 32.50198pt x 32.50258pt.
[9]) [10]
\openout2 = `foundation/chapter.aux'.

 (./foundation/chapter.tex
Underfull \hbox (badness 10000) in paragraph at lines 7--8
[]\OT1/cmr/m/n/10 There are two types of \OT1/cmtt/m/n/10 CDockable\OT1/cmr/m/n
/10 s, \OT1/cmtt/m/n/10 single-dockable\OT1/cmr/m/n/10 s and
 []

\contentbox=\box45
\bkgdbox=\box46
File: design.png Graphic file (type png)
<use design.png>
Package pdftex.def Info: design.png  used on input line 15.
(pdftex.def)             Requested size: 32.50198pt x 32.50258pt.

Underfull \hbox (badness 1902) in paragraph at lines 15--15
\OT1/cmr/m/n/10 im-ple-men-ta-tion is al-ready de-scribed in the doc-u-men-ta-t
ion.
 []

\contentbox=\box47
\bkgdbox=\box48
File: info.png Graphic file (type png)
<use info.png>
Package pdftex.def Info: info.png  used on input line 17.
(pdftex.def)             Requested size: 32.50198pt x 32.50258pt.

Underfull \hbox (badness 3049) in paragraph at lines 17--17
\OT1/cmtt/m/n/10 DefaultCDockable \OT1/cmr/m/n/10 of-fers a method \OT1/cmtt/m/
n/10 createCommonDockable
 []

[11


]
Underfull \hbox (badness 3209) in paragraph at lines 26--27
[]\OT1/cmr/m/n/10 A browser has one panel ``his-tory'', the panel is shown on a

 []

\contentbox=\box49
\bkgdbox=\box50
File: stop.png Graphic file (type png)
<use stop.png>
Package pdftex.def Info: stop.png  used on input line 38.
(pdftex.def)             Requested size: 32.50198pt x 32.50258pt.
[12]
\contentbox=\box51
\bkgdbox=\box52
File: info.png Graphic file (type png)
<use info.png>
Package pdftex.def Info: info.png  used on input line 40.
(pdftex.def)             Requested size: 32.50198pt x 32.50258pt.
LaTeX Font Info:    Try loading font information for OML+cmr on input line 46.
 (/usr/share/texlive/texmf-dist/tex/latex/base/omlcmr.fd
File: omlcmr.fd 2014/09/29 v2.5h Standard LaTeX font definitions
)
LaTeX Font Info:    Font shape `OML/cmr/m/n' in size <7> not available
(Font)              Font shape `OML/cmm/m/it' tried instead on input line 46.
\contentbox=\box53
\bkgdbox=\box54
File: code.png Graphic file (type png)
<use code.png>
Package pdftex.def Info: code.png  used on input line 54.
(pdftex.def)             Requested size: 32.50198pt x 32.50258pt.
\contentbox=\box55
\bkgdbox=\box56
File: design.png Graphic file (type png)
<use design.png>
Package pdftex.def Info: design.png  used on input line 62.
(pdftex.def)             Requested size: 32.50198pt x 32.50258pt.
 [13]
Underfull \hbox (badness 1231) in paragraph at lines 77--78
[]\OT1/cmr/m/n/10 The first lis-tener is the \OT1/cmtt/m/n/10 CDockableStateLis
tener\OT1/cmr/m/n/10 , it has a method
 []


Underfull \hbox (badness 2698) in paragraph at lines 79--80
[]\OT1/cmr/m/n/10 The sec-ond lis-tener is the \OT1/cmtt/m/n/10 CVetoClosingLis
tener\OT1/cmr/m/n/10 . It re-ceives a
 []

\contentbox=\box57
\bkgdbox=\box58
File: stop.png Graphic file (type png)
<use stop.png>
Package pdftex.def Info: stop.png  used on input line 81.
(pdftex.def)             Requested size: 32.50198pt x 32.50258pt.

Underfull \hbox (badness 10000) in paragraph at lines 81--81
[]\OT1/cmr/m/n/10 Using the close-button or chang-ing the lay-out with
 []


Underfull \hbox (badness 10000) in paragraph at lines 81--81
\OT1/cmtt/m/n/10 CControl.load \OT1/cmr/m/n/10 will al-ways re-sult in a can-ce
-labe
 []


Underfull \hbox (badness 4001) in paragraph at lines 81--81
\OT1/cmtt/m/n/10 CVetoClosingEvent\OT1/cmr/m/n/10 . How-ever, some meth-ods for
ce the
 []

\contentbox=\box59
\bkgdbox=\box60
File: class.png Graphic file (type png)
<use class.png>
Package pdftex.def Info: class.png  used on input line 83.
(pdftex.def)             Requested size: 32.50198pt x 32.50258pt.
\contentbox=\box61
\bkgdbox=\box62
File: info.png Graphic file (type png)
<use info.png>
Package pdftex.def Info: info.png  used on input line 85.
(pdftex.def)             Requested size: 32.50198pt x 32.50258pt.

Underfull \hbox (badness 10000) in paragraph at lines 88--89
\OT1/cmr/m/n/10 find out whether a \OT1/cmtt/m/n/10 dockable \OT1/cmr/m/n/10 is
 tru-elly vis-i-ble. Also the
 []

[14]
\contentbox=\box63
\bkgdbox=\box64
File: stop.png Graphic file (type png)
<use stop.png>
Package pdftex.def Info: stop.png  used on input line 92.
(pdftex.def)             Requested size: 32.50198pt x 32.50258pt.

Underfull \hbox (badness 10000) in paragraph at lines 105--106
[]\OT1/cmr/m/n/10 Clients can ac-cess and change the \OT1/cmtt/m/n/10 extended-
mode \OT1/cmr/m/n/10 by call-ing
 []


Overfull \hbox (2.74823pt too wide) in paragraph at lines 105--106
\OT1/cmr/m/n/10 into some \OT1/cmtt/m/n/10 extended-mode\OT1/cmr/m/n/10 s, meth
-ods like \OT1/cmtt/m/n/10 setMaximizable \OT1/cmr/m/n/10 of \OT1/cmtt/m/n/10 D
efaultCDockable
 []

\contentbox=\box65
\bkgdbox=\box66
File: info.png Graphic file (type png)
<use info.png>
Package pdftex.def Info: info.png  used on input line 123.
(pdftex.def)             Requested size: 32.50198pt x 32.50258pt.

Underfull \hbox (badness 1496) in paragraph at lines 123--123
[]\OT1/cmr/m/n/10 It may even be nec-es-sary to write a new extended-
 []


Underfull \hbox (badness 1024) in paragraph at lines 123--123
\OT1/cmr/m/n/10 mode al-to-gether (which re-quires an im-ple-men-ta-tion of
 []

[15]
\contentbox=\box67
\bkgdbox=\box68
File: class.png Graphic file (type png)
<use class.png>
Package pdftex.def Info: class.png  used on input line 125.
(pdftex.def)             Requested size: 32.50198pt x 32.50258pt.

Underfull \hbox (badness 6396) in paragraph at lines 139--140
[]\OT1/cmr/m/n/10 If more than one content-area is needed then clients can use
 []

\contentbox=\box69
\bkgdbox=\box70
File: info.png Graphic file (type png)
<use info.png>
Package pdftex.def Info: info.png  used on input line 141.
(pdftex.def)             Requested size: 32.50198pt x 32.50258pt.
[16]
\contentbox=\box71
\bkgdbox=\box72
File: stop.png Graphic file (type png)
<use stop.png>
Package pdftex.def Info: stop.png  used on input line 143.
(pdftex.def)             Requested size: 32.50198pt x 32.50258pt.
\contentbox=\box73
\bkgdbox=\box74
File: class.png Graphic file (type png)
<use class.png>
Package pdftex.def Info: class.png  used on input line 169.
(pdftex.def)             Requested size: 32.50198pt x 32.50258pt.
 [17]
\contentbox=\box75
\bkgdbox=\box76
File: info.png Graphic file (type png)
<use info.png>
Package pdftex.def Info: info.png  used on input line 187.
(pdftex.def)             Requested size: 32.50198pt x 32.50258pt.
) [18]
\openout2 = `locations/chapter.aux'.

 (./locations/chapter.tex
\contentbox=\box77
\bkgdbox=\box78
File: class.png Graphic file (type png)
<use class.png>
Package pdftex.def Info: class.png  used on input line 33.
(pdftex.def)             Requested size: 32.50198pt x 32.50258pt.
\contentbox=\box79
\bkgdbox=\box80
File: stop.png Graphic file (type png)
<use stop.png>
Package pdftex.def Info: stop.png  used on input line 35.
(pdftex.def)             Requested size: 32.50198pt x 32.50258pt.
 [19


]
\contentbox=\box81
\bkgdbox=\box82
File: stop.png Graphic file (type png)
<use stop.png>
Package pdftex.def Info: stop.png  used on input line 61.
(pdftex.def)             Requested size: 32.50198pt x 32.50258pt.
\contentbox=\box83
\bkgdbox=\box84
File: info.png Graphic file (type png)
<use info.png>
Package pdftex.def Info: info.png  used on input line 63.
(pdftex.def)             Requested size: 32.50198pt x 32.50258pt.
 [20]
\contentbox=\box85
\bkgdbox=\box86
File: class.png Graphic file (type png)
<use class.png>
Package pdftex.def Info: class.png  used on input line 65.
(pdftex.def)             Requested size: 32.50198pt x 32.50258pt.
\contentbox=\box87
\bkgdbox=\box88
File: info.png Graphic file (type png)
<use info.png>
Package pdftex.def Info: info.png  used on input line 78.
(pdftex.def)             Requested size: 32.50198pt x 32.50258pt.
\contentbox=\box89
\bkgdbox=\box90
File: design.png Graphic file (type png)
<use design.png>
Package pdftex.def Info: design.png  used on input line 82.
(pdftex.def)             Requested size: 32.50198pt x 32.50258pt.
 [21]
\contentbox=\box91
\bkgdbox=\box92
File: stop.png Graphic file (type png)
<use stop.png>
Package pdftex.def Info: stop.png  used on input line 84.
(pdftex.def)             Requested size: 32.50198pt x 32.50258pt.

Underfull \hbox (badness 4886) in paragraph at lines 84--84
[]\OT1/cmr/m/n/10 The client is re-spon-si-ble to store the con-tents of any
 []

\contentbox=\box93
\bkgdbox=\box94
File: info.png Graphic file (type png)
<use info.png>
Package pdftex.def Info: info.png  used on input line 103.
(pdftex.def)             Requested size: 32.50198pt x 32.50258pt.
[22]
\contentbox=\box95
\bkgdbox=\box96
File: class.png Graphic file (type png)
<use class.png>
Package pdftex.def Info: class.png  used on input line 105.
(pdftex.def)             Requested size: 32.50198pt x 32.50258pt.

Underfull \hbox (badness 2384) in paragraph at lines 108--109
\OT1/cmr/m/n/10 Layout in-for-ma-tion is stored in var-i-ous for-mats: the \OT1
/cmtt/m/n/10 Dockable\OT1/cmr/m/n/10 s and
 []

\contentbox=\box97
\bkgdbox=\box98
File: code.png Graphic file (type png)
<use code.png>
Package pdftex.def Info: code.png  used on input line 135.
(pdftex.def)             Requested size: 32.50198pt x 32.50258pt.
[23]
Underfull \hbox (badness 1199) in paragraph at lines 140--141
\OT1/cmtt/m/n/10 CLocationMode \OT1/cmr/m/n/10 pro-vides the code for han-dling
 one extended-mode (like
 []


Underfull \hbox (badness 3547) in paragraph at lines 144--145
\OT1/cmr/m/n/10 extended-mode. For ex-am-ple the \OT1/cmtt/m/n/10 SplitDockStat
ion \OT1/cmr/m/n/10 (or \OT1/cmtt/m/n/10 CGridArea\OT1/cmr/m/n/10 ,
 []

[24]
\contentbox=\box99
\bkgdbox=\box100
File: design.png Graphic file (type png)
<use design.png>
Package pdftex.def Info: design.png  used on input line 153.
(pdftex.def)             Requested size: 32.50198pt x 32.50258pt.
) [25]
\openout2 = `actions/chapter.aux'.

 (./actions/chapter.tex
<actions/actions.png, id=112, 255.354pt x 124.0635pt>
File: actions/actions.png Graphic file (type png)
<use actions/actions.png>
Package pdftex.def Info: actions/actions.png  used on input line 5.
(pdftex.def)             Requested size: 191.51503pt x 93.04738pt.
 [26


 <./actions/actions.png>]
<actions/cmenu.png, id=117, 323.40825pt x 228.855pt>
File: actions/cmenu.png Graphic file (type png)
<use actions/cmenu.png>
Package pdftex.def Info: actions/cmenu.png  used on input line 56.
(pdftex.def)             Requested size: 242.55557pt x 171.64082pt.
<actions/cdropdown.png, id=118, 278.84175pt x 129.48375pt>
File: actions/cdropdown.png Graphic file (type png)
<use actions/cdropdown.png>
Package pdftex.def Info: actions/cdropdown.png  used on input line 66.
(pdftex.def)             Requested size: 209.13078pt x 97.11255pt.
 [27 <./actions/cmenu.png>]
\contentbox=\box101
\bkgdbox=\box102
File: class.png Graphic file (type png)
<use class.png>
Package pdftex.def Info: class.png  used on input line 95.
(pdftex.def)             Requested size: 32.50198pt x 32.50258pt.
 [28 <./actions/cdropdown.png>]) [29]
\openout2 = `effects/chapter.aux'.

 (./effects/chapter.tex
\contentbox=\box103
\bkgdbox=\box104
File: info.png Graphic file (type png)
<use info.png>
Package pdftex.def Info: info.png  used on input line 12.
(pdftex.def)             Requested size: 32.50198pt x 32.50258pt.

Underfull \hbox (badness 1137) in paragraph at lines 12--12
\OT1/cmtt/m/n/10 COLOR[]KEY[]TAB[]BACKGROUND \OT1/cmr/m/n/10 changes the back-g
round of tabs,
 []


Underfull \hbox (badness 1194) in paragraph at lines 12--12
\OT1/cmr/m/n/10 while \OT1/cmtt/m/n/10 COLOR[]KEY[]TAB[]BACKGROUND[]FOCUSED \OT
1/cmr/m/n/10 changes the back-
 []

\contentbox=\box105
\bkgdbox=\box106
File: stop.png Graphic file (type png)
<use stop.png>
Package pdftex.def Info: stop.png  used on input line 16.
(pdftex.def)             Requested size: 32.50198pt x 32.50258pt.
\contentbox=\box107
\bkgdbox=\box108
File: stop.png Graphic file (type png)
<use stop.png>
Package pdftex.def Info: stop.png  used on input line 30.
(pdftex.def)             Requested size: 32.50198pt x 32.50258pt.
[30


]
Underfull \hbox (badness 10000) in paragraph at lines 36--37
\OT1/cmr/m/n/10 are also meth-ods to lock only the width or the height
 []

\contentbox=\box109
\bkgdbox=\box110
File: stop.png Graphic file (type png)
<use stop.png>
Package pdftex.def Info: stop.png  used on input line 38.
(pdftex.def)             Requested size: 32.50198pt x 32.50258pt.

Underfull \hbox (badness 7631) in paragraph at lines 41--42
\OT1/cmtt/m/n/10 CDockable\OT1/cmr/m/n/10 s. Clients need to call \OT1/cmtt/m/n
/10 setResizeRequest \OT1/cmr/m/n/10 and maybe
 []

\contentbox=\box111
\bkgdbox=\box112
File: design.png Graphic file (type png)
<use design.png>
Package pdftex.def Info: design.png  used on input line 56.
(pdftex.def)             Requested size: 32.50198pt x 32.50258pt.
\contentbox=\box113
\bkgdbox=\box114
File: class.png Graphic file (type png)
<use class.png>
Package pdftex.def Info: class.png  used on input line 58.
(pdftex.def)             Requested size: 32.50198pt x 32.50258pt.
[31]
\contentbox=\box115
\bkgdbox=\box116
File: class.png Graphic file (type png)
<use class.png>
Package pdftex.def Info: class.png  used on input line 72.
(pdftex.def)             Requested size: 32.50198pt x 32.50258pt.

Underfull \hbox (badness 2781) in paragraph at lines 72--72
[]\OT1/cmr/m/n/10 The old \OT1/cmtt/m/n/10 CMaximizingBehavior \OT1/cmr/m/n/10 
has been re-placed by the
 []

[32]
\contentbox=\box117
\bkgdbox=\box118
File: class.png Graphic file (type png)
<use class.png>
Package pdftex.def Info: class.png  used on input line 108.
(pdftex.def)             Requested size: 32.50198pt x 32.50258pt.

Underfull \hbox (badness 4156) in paragraph at lines 108--108
[]\OT1/cmtt/m/n/10 BubbleThemePreferenceModel\OT1/cmr/m/n/10 : Set-tings af-fec
t-ing the
 []


Underfull \hbox (badness 1917) in paragraph at lines 108--108
[]\OT1/cmtt/m/n/10 EclipseThemePreferenceModel\OT1/cmr/m/n/10 : Set-tigns af-fe
ct-ing the
 []

\contentbox=\box119
\bkgdbox=\box120
File: info.png Graphic file (type png)
<use info.png>
Package pdftex.def Info: info.png  used on input line 110.
(pdftex.def)             Requested size: 32.50198pt x 32.50258pt.
\contentbox=\box121
\bkgdbox=\box122
File: design.png Graphic file (type png)
<use design.png>
Package pdftex.def Info: design.png  used on input line 130.
(pdftex.def)             Requested size: 32.50198pt x 32.50258pt.
[33]
\contentbox=\box123
\bkgdbox=\box124
File: info.png Graphic file (type png)
<use info.png>
Package pdftex.def Info: info.png  used on input line 153.
(pdftex.def)             Requested size: 32.50198pt x 32.50258pt.
 [34]
<effects/menus.png, id=147, 228.15819pt x 154.176pt>
File: effects/menus.png Graphic file (type png)
<use effects/menus.png>
Package pdftex.def Info: effects/menus.png  used on input line 162.
(pdftex.def)             Requested size: 228.15762pt x 154.1756pt.
LaTeX Font Info:    Font shape `OT1/cmtt/bx/n' in size <10> not available
(Font)              Font shape `OT1/cmtt/m/n' tried instead on input line 171.
\contentbox=\box125
\bkgdbox=\box126
File: class.png Graphic file (type png)
<use class.png>
Package pdftex.def Info: class.png  used on input line 182.
(pdftex.def)             Requested size: 32.50198pt x 32.50258pt.
 [35 <./effects/menus.png>]
\contentbox=\box127
\bkgdbox=\box128
File: stop.png Graphic file (type png)
<use stop.png>
Package pdftex.def Info: stop.png  used on input line 191.
(pdftex.def)             Requested size: 32.50198pt x 32.50258pt.
\contentbox=\box129
\bkgdbox=\box130
File: stop.png Graphic file (type png)
<use stop.png>
Package pdftex.def Info: stop.png  used on input line 196.
(pdftex.def)             Requested size: 32.50198pt x 32.50258pt.
\contentbox=\box131
\bkgdbox=\box132
File: info.png Graphic file (type png)
<use info.png>
Package pdftex.def Info: info.png  used on input line 198.
(pdftex.def)             Requested size: 32.50198pt x 32.50258pt.

Underfull \hbox (badness 1552) in paragraph at lines 198--198
\OT1/cmr/m/n/10 tant, as-sum-ing that clients call \OT1/cmtt/m/n/10 write \OT1/
cmr/m/n/10 of \OT1/cmtt/m/n/10 CControl \OT1/cmr/m/n/10 or of
 []


Underfull \hbox (badness 2409) in paragraph at lines 213--214
\OT1/cmtt/m/n/10 Common \OT1/cmr/m/n/10 sup-ports pref-er-ences as de-scribed i
n chap-ter 7.5[]. The class
 []

[36]
\contentbox=\box133
\bkgdbox=\box134
File: stop.png Graphic file (type png)
<use stop.png>
Package pdftex.def Info: stop.png  used on input line 220.
(pdftex.def)             Requested size: 32.50198pt x 32.50258pt.
) [37]
\openout2 = `suggestions/chapter.aux'.

 (./suggestions/chapter.tex
Underfull \hbox (badness 6125) in paragraph at lines 19--20
\OT1/cmr/bx/n/10 Answer 1.0.8: \OT1/cmr/m/n/10 That is now the de-fault be-hav-
ior. With
 []

[38


] [39] [40]
Underfull \hbox (badness 1158) in paragraph at lines 75--76
\OT1/cmr/m/n/10 used one time to setup the ini-tial lay-out, af-ter-wards the m
ethod
 []

[41] [42]) [43]
\openout2 = `properties/chapter.aux'.

 (./properties/chapter.tex
Overfull \hbox (3.13011pt too wide) in paragraph at lines 30--31
\OT1/cmtt/m/it/10 CControl.RESIZE[]LOCK[]CONFLICT[]RESOLVER\OT1/cmr/m/n/10 : Te
lls how to dis-tribute space
 []


Overfull \hbox (14.76477pt too wide) in paragraph at lines 32--33
\OT1/cmtt/m/it/10 LocationModeManager.MODE[]ENABLEMENT\OT1/cmr/m/n/10 : This st
rat-egy tells what extended-
 []

[44


]) [45] (./guide2.aux (./introduction/chapter.aux) (./notation/chapter.aux)
(./basics/chapter.aux) (./foundation/chapter.aux) (./locations/chapter.aux)
(./actions/chapter.aux) (./effects/chapter.aux) (./suggestions/chapter.aux)
(./properties/chapter.aux)) ) 
Here is how much of TeX's memory you used:
 3687 strings out of 494923
 54066 string characters out of 6180741
 206281 words of memory out of 5000000
 6889 multiletter control sequences out of 15000+600000
 9739 words of font info for 35 fonts, out of 8000000 for 9000
 14 hyphenation exceptions out of 8191
 41i,8n,40p,764b,1464s stack positions out of 5000i,500n,10000p,200000b,80000s
 </home/beni/.texlive2017/texmf-var/fonts/pk/ljfou
r/jknappen/ec/tcrm1000.600pk></usr/share/texlive/texmf-dist/fonts/type1/public/
amsfonts/cm/cmbx10.pfb></usr/share/texlive/texmf-dist/fonts/type1/public/amsfon
ts/cm/cmbx12.pfb></usr/share/texlive/texmf-dist/fonts/type1/public/amsfonts/cm/
cmbx7.pfb></usr/share/texlive/texmf-dist/fonts/type1/public/amsfonts/cm/cmitt10
.pfb></usr/share/texlive/texmf-dist/fonts/type1/public/amsfonts/cm/cmmi10.pfb><
/usr/share/texlive/texmf-dist/fonts/type1/public/amsfonts/cm/cmmi7.pfb></usr/sh
are/texlive/texmf-dist/fonts/type1/public/amsfonts/cm/cmr10.pfb></usr/share/tex
live/texmf-dist/fonts/type1/public/amsfonts/cm/cmr12.pfb></usr/share/texlive/te
xmf-dist/fonts/type1/public/amsfonts/cm/cmr17.pfb></usr/share/texlive/texmf-dis
t/fonts/type1/public/amsfonts/cm/cmr6.pfb></usr/share/texlive/texmf-dist/fonts/
type1/public/amsfonts/cm/cmr7.pfb></usr/share/texlive/texmf-dist/fonts/type1/pu
blic/amsfonts/cm/cmsy7.pfb></usr/share/texlive/texmf-dist/fonts/type1/public/am
sfonts/cm/cmti10.pfb></usr/share/texlive/texmf-dist/fonts/type1/public/amsfonts
/cm/cmti7.pfb></usr/share/texlive/texmf-dist/fonts/type1/public/amsfonts/cm/cmt
t10.pfb></usr/share/texlive/texmf-dist/fonts/type1/public/amsfonts/cm/cmtt8.pfb
>
Output written on guide2.pdf (45 pages, 468467 bytes).
PDF statistics:
 243 PDF objects out of 1000 (max. 8388607)
 155 compressed objects within 2 object streams
 0 named destinations out of 1000 (max. 500000)
 56 words of extra memory for PDF output out of 10000 (max. 10000000)

